mode: set
github.com/jariwat/p_project/profile-service/models/paginator.go:10.49,11.14 1 0
github.com/jariwat/p_project/profile-service/models/paginator.go:11.14,13.3 1 0
github.com/jariwat/p_project/profile-service/models/paginator.go:14.2,14.17 1 0
github.com/jariwat/p_project/profile-service/models/paginator.go:14.17,16.3 1 0
github.com/jariwat/p_project/profile-service/models/paginator.go:17.2,20.3 1 0
github.com/jariwat/p_project/profile-service/models/paginator.go:23.45,24.19 1 0
github.com/jariwat/p_project/profile-service/models/paginator.go:24.19,26.3 1 0
github.com/jariwat/p_project/profile-service/models/paginator.go:26.8,29.3 2 0
github.com/jariwat/p_project/profile-service/models/profile.go:29.35,31.2 1 0
github.com/jariwat/p_project/profile-service/models/profile.go:33.29,37.2 2 0
github.com/jariwat/p_project/profile-service/models/profile.go:39.34,42.2 2 0
github.com/jariwat/p_project/profile-service/models/profile.go:44.34,47.2 2 0
github.com/jariwat/p_project/profile-service/models/skill.go:18.33,20.2 1 0
github.com/jariwat/p_project/profile-service/models/skill.go:22.27,25.2 2 0
github.com/jariwat/p_project/profile-service/models/skill.go:27.32,30.2 2 0
github.com/jariwat/p_project/profile-service/models/skill.go:32.32,35.2 2 0
github.com/jariwat/p_project/profile-service/middleware/middleware.go:16.28,20.41 2 0
github.com/jariwat/p_project/profile-service/middleware/middleware.go:20.41,22.17 2 0
github.com/jariwat/p_project/profile-service/middleware/middleware.go:22.17,24.4 1 0
github.com/jariwat/p_project/profile-service/middleware/middleware.go:26.3,26.61 1 0
github.com/jariwat/p_project/profile-service/middleware/middleware.go:26.61,28.4 1 0
github.com/jariwat/p_project/profile-service/middleware/middleware.go:30.3,31.17 2 0
github.com/jariwat/p_project/profile-service/middleware/middleware.go:31.17,33.4 1 0
github.com/jariwat/p_project/profile-service/middleware/middleware.go:34.3,34.39 1 0
github.com/jariwat/p_project/profile-service/middleware/middleware.go:37.2,37.30 1 0
github.com/jariwat/p_project/profile-service/middleware/middleware.go:37.30,40.33 2 0
github.com/jariwat/p_project/profile-service/middleware/middleware.go:40.33,42.18 2 0
github.com/jariwat/p_project/profile-service/middleware/middleware.go:42.18,43.13 1 0
github.com/jariwat/p_project/profile-service/middleware/middleware.go:47.4,53.93 2 0
github.com/jariwat/p_project/profile-service/middleware/middleware.go:53.93,56.10 2 0
github.com/jariwat/p_project/profile-service/middleware/middleware.go:60.3,60.15 1 0
github.com/jariwat/p_project/profile-service/middleware/middleware.go:60.15,64.4 3 0
github.com/jariwat/p_project/profile-service/middleware/middleware.go:66.3,66.11 1 0
github.com/jariwat/p_project/profile-service/main.go:33.22,40.16 3 0
github.com/jariwat/p_project/profile-service/main.go:40.16,42.3 1 0
github.com/jariwat/p_project/profile-service/main.go:44.2,44.61 1 0
github.com/jariwat/p_project/profile-service/main.go:44.61,46.3 1 0
github.com/jariwat/p_project/profile-service/main.go:48.2,48.49 1 0
github.com/jariwat/p_project/profile-service/main.go:51.24,55.16 3 0
github.com/jariwat/p_project/profile-service/main.go:55.16,57.3 1 0
github.com/jariwat/p_project/profile-service/main.go:59.2,61.11 2 0
github.com/jariwat/p_project/profile-service/main.go:64.13,69.34 3 0
github.com/jariwat/p_project/profile-service/main.go:69.34,72.3 2 0
github.com/jariwat/p_project/profile-service/main.go:74.2,74.46 1 0
github.com/jariwat/p_project/profile-service/main.go:74.46,80.3 3 0
github.com/jariwat/p_project/profile-service/main.go:83.2,84.16 2 0
github.com/jariwat/p_project/profile-service/main.go:84.16,85.13 1 0
github.com/jariwat/p_project/profile-service/main.go:87.2,104.49 8 0
github.com/jariwat/p_project/profile-service/helper/helper.go:5.53,6.48 1 0
github.com/jariwat/p_project/profile-service/helper/helper.go:6.48,8.3 1 0
github.com/jariwat/p_project/profile-service/helper/helper.go:10.2,10.21 1 0
github.com/jariwat/p_project/profile-service/service/profile/server.gen.go:206.64,208.52 1 0
github.com/jariwat/p_project/profile-service/service/profile/server.gen.go:208.52,210.20 2 0
github.com/jariwat/p_project/profile-service/service/profile/server.gen.go:210.20,212.4 1 0
github.com/jariwat/p_project/profile-service/service/profile/server.gen.go:215.2,215.28 1 0
github.com/jariwat/p_project/profile-service/service/profile/server.gen.go:219.68,227.16 4 0
github.com/jariwat/p_project/profile-service/service/profile/server.gen.go:227.16,230.3 2 0
github.com/jariwat/p_project/profile-service/service/profile/server.gen.go:232.2,232.52 1 0
github.com/jariwat/p_project/profile-service/service/profile/server.gen.go:232.52,234.20 2 0
github.com/jariwat/p_project/profile-service/service/profile/server.gen.go:234.20,236.4 1 0
github.com/jariwat/p_project/profile-service/service/profile/server.gen.go:239.2,239.36 1 0
github.com/jariwat/p_project/profile-service/service/profile/server.gen.go:243.65,251.16 4 0
github.com/jariwat/p_project/profile-service/service/profile/server.gen.go:251.16,254.3 2 0
github.com/jariwat/p_project/profile-service/service/profile/server.gen.go:256.2,256.52 1 0
github.com/jariwat/p_project/profile-service/service/profile/server.gen.go:256.52,258.20 2 0
github.com/jariwat/p_project/profile-service/service/profile/server.gen.go:258.20,260.4 1 0
github.com/jariwat/p_project/profile-service/service/profile/server.gen.go:263.2,263.33 1 0
github.com/jariwat/p_project/profile-service/service/profile/server.gen.go:267.65,275.16 4 0
github.com/jariwat/p_project/profile-service/service/profile/server.gen.go:275.16,278.3 2 0
github.com/jariwat/p_project/profile-service/service/profile/server.gen.go:280.2,280.52 1 0
github.com/jariwat/p_project/profile-service/service/profile/server.gen.go:280.52,282.20 2 0
github.com/jariwat/p_project/profile-service/service/profile/server.gen.go:282.20,284.4 1 0
github.com/jariwat/p_project/profile-service/service/profile/server.gen.go:287.2,287.33 1 0
github.com/jariwat/p_project/profile-service/service/profile/server.gen.go:291.64,301.16 4 0
github.com/jariwat/p_project/profile-service/service/profile/server.gen.go:301.16,304.3 2 0
github.com/jariwat/p_project/profile-service/service/profile/server.gen.go:308.2,309.16 2 0
github.com/jariwat/p_project/profile-service/service/profile/server.gen.go:309.16,312.3 2 0
github.com/jariwat/p_project/profile-service/service/profile/server.gen.go:316.2,317.16 2 0
github.com/jariwat/p_project/profile-service/service/profile/server.gen.go:317.16,320.3 2 0
github.com/jariwat/p_project/profile-service/service/profile/server.gen.go:322.2,322.52 1 0
github.com/jariwat/p_project/profile-service/service/profile/server.gen.go:322.52,324.20 2 0
github.com/jariwat/p_project/profile-service/service/profile/server.gen.go:324.20,326.4 1 0
github.com/jariwat/p_project/profile-service/service/profile/server.gen.go:329.2,329.36 1 0
github.com/jariwat/p_project/profile-service/service/profile/server.gen.go:340.63,342.2 1 0
github.com/jariwat/p_project/profile-service/service/profile/server.gen.go:345.100,347.25 2 0
github.com/jariwat/p_project/profile-service/service/profile/server.gen.go:347.25,348.66 1 0
github.com/jariwat/p_project/profile-service/service/profile/server.gen.go:348.66,350.4 1 0
github.com/jariwat/p_project/profile-service/service/profile/server.gen.go:353.2,363.62 6 0
github.com/jariwat/p_project/profile-service/service/profile/server.gen.go:391.35,393.16 2 0
github.com/jariwat/p_project/profile-service/service/profile/server.gen.go:393.16,395.3 1 0
github.com/jariwat/p_project/profile-service/service/profile/server.gen.go:396.2,397.16 2 0
github.com/jariwat/p_project/profile-service/service/profile/server.gen.go:397.16,399.3 1 0
github.com/jariwat/p_project/profile-service/service/profile/server.gen.go:400.2,402.16 3 0
github.com/jariwat/p_project/profile-service/service/profile/server.gen.go:402.16,404.3 1 0
github.com/jariwat/p_project/profile-service/service/profile/server.gen.go:406.2,406.25 1 0
github.com/jariwat/p_project/profile-service/service/profile/server.gen.go:412.48,414.32 2 0
github.com/jariwat/p_project/profile-service/service/profile/server.gen.go:414.32,416.3 1 0
github.com/jariwat/p_project/profile-service/service/profile/server.gen.go:420.73,422.25 2 0
github.com/jariwat/p_project/profile-service/service/profile/server.gen.go:422.25,424.3 1 0
github.com/jariwat/p_project/profile-service/service/profile/server.gen.go:426.2,426.12 1 0
github.com/jariwat/p_project/profile-service/service/profile/server.gen.go:434.52,439.87 4 0
github.com/jariwat/p_project/profile-service/service/profile/server.gen.go:439.87,443.10 4 0
github.com/jariwat/p_project/profile-service/service/profile/server.gen.go:443.10,446.4 2 0
github.com/jariwat/p_project/profile-service/service/profile/server.gen.go:447.3,447.19 1 0
github.com/jariwat/p_project/profile-service/service/profile/server.gen.go:449.2,451.16 3 0
github.com/jariwat/p_project/profile-service/service/profile/server.gen.go:451.16,453.3 1 0
github.com/jariwat/p_project/profile-service/service/profile/server.gen.go:454.2,455.16 2 0
github.com/jariwat/p_project/profile-service/service/profile/server.gen.go:455.16,457.3 1 0
github.com/jariwat/p_project/profile-service/service/profile/server.gen.go:458.2,458.8 1 0
github.com/jariwat/p_project/profile-service/service/profile/mocks/MiddlewareFunc.go:16.51,18.2 1 0
github.com/jariwat/p_project/profile-service/service/profile/mocks/MiddlewareFunc.go:25.20,29.19 3 0
github.com/jariwat/p_project/profile-service/service/profile/mocks/MiddlewareFunc.go:29.19,29.49 1 0
github.com/jariwat/p_project/profile-service/service/profile/mocks/MiddlewareFunc.go:31.2,31.13 1 0
github.com/jariwat/p_project/profile-service/service/profile/mocks/ProfileRepository.go:19.71,22.19 2 0
github.com/jariwat/p_project/profile-service/service/profile/mocks/ProfileRepository.go:22.19,23.55 1 0
github.com/jariwat/p_project/profile-service/service/profile/mocks/ProfileRepository.go:26.2,27.60 2 0
github.com/jariwat/p_project/profile-service/service/profile/mocks/ProfileRepository.go:27.60,29.3 1 0
github.com/jariwat/p_project/profile-service/service/profile/mocks/ProfileRepository.go:29.8,31.3 1 0
github.com/jariwat/p_project/profile-service/service/profile/mocks/ProfileRepository.go:33.2,33.11 1 0
github.com/jariwat/p_project/profile-service/service/profile/mocks/ProfileRepository.go:37.72,40.19 2 0
github.com/jariwat/p_project/profile-service/service/profile/mocks/ProfileRepository.go:40.19,41.55 1 0
github.com/jariwat/p_project/profile-service/service/profile/mocks/ProfileRepository.go:44.2,45.55 2 0
github.com/jariwat/p_project/profile-service/service/profile/mocks/ProfileRepository.go:45.55,47.3 1 0
github.com/jariwat/p_project/profile-service/service/profile/mocks/ProfileRepository.go:47.8,49.3 1 0
github.com/jariwat/p_project/profile-service/service/profile/mocks/ProfileRepository.go:51.2,51.11 1 0
github.com/jariwat/p_project/profile-service/service/profile/mocks/ProfileRepository.go:55.94,58.19 2 0
github.com/jariwat/p_project/profile-service/service/profile/mocks/ProfileRepository.go:58.19,59.58 1 0
github.com/jariwat/p_project/profile-service/service/profile/mocks/ProfileRepository.go:62.2,64.74 3 0
github.com/jariwat/p_project/profile-service/service/profile/mocks/ProfileRepository.go:64.74,66.3 1 0
github.com/jariwat/p_project/profile-service/service/profile/mocks/ProfileRepository.go:67.2,67.65 1 0
github.com/jariwat/p_project/profile-service/service/profile/mocks/ProfileRepository.go:67.65,69.3 1 0
github.com/jariwat/p_project/profile-service/service/profile/mocks/ProfileRepository.go:69.8,70.24 1 0
github.com/jariwat/p_project/profile-service/service/profile/mocks/ProfileRepository.go:70.24,72.4 1 0
github.com/jariwat/p_project/profile-service/service/profile/mocks/ProfileRepository.go:75.2,75.55 1 0
github.com/jariwat/p_project/profile-service/service/profile/mocks/ProfileRepository.go:75.55,77.3 1 0
github.com/jariwat/p_project/profile-service/service/profile/mocks/ProfileRepository.go:77.8,79.3 1 0
github.com/jariwat/p_project/profile-service/service/profile/mocks/ProfileRepository.go:81.2,81.15 1 0
github.com/jariwat/p_project/profile-service/service/profile/mocks/ProfileRepository.go:85.134,88.19 2 0
github.com/jariwat/p_project/profile-service/service/profile/mocks/ProfileRepository.go:88.19,89.55 1 0
github.com/jariwat/p_project/profile-service/service/profile/mocks/ProfileRepository.go:92.2,94.110 3 0
github.com/jariwat/p_project/profile-service/service/profile/mocks/ProfileRepository.go:94.110,96.3 1 0
github.com/jariwat/p_project/profile-service/service/profile/mocks/ProfileRepository.go:97.2,97.101 1 0
github.com/jariwat/p_project/profile-service/service/profile/mocks/ProfileRepository.go:97.101,99.3 1 0
github.com/jariwat/p_project/profile-service/service/profile/mocks/ProfileRepository.go:99.8,100.24 1 0
github.com/jariwat/p_project/profile-service/service/profile/mocks/ProfileRepository.go:100.24,102.4 1 0
github.com/jariwat/p_project/profile-service/service/profile/mocks/ProfileRepository.go:105.2,105.89 1 0
github.com/jariwat/p_project/profile-service/service/profile/mocks/ProfileRepository.go:105.89,107.3 1 0
github.com/jariwat/p_project/profile-service/service/profile/mocks/ProfileRepository.go:107.8,109.3 1 0
github.com/jariwat/p_project/profile-service/service/profile/mocks/ProfileRepository.go:111.2,111.15 1 0
github.com/jariwat/p_project/profile-service/service/profile/mocks/ProfileRepository.go:115.71,118.19 2 0
github.com/jariwat/p_project/profile-service/service/profile/mocks/ProfileRepository.go:118.19,119.55 1 0
github.com/jariwat/p_project/profile-service/service/profile/mocks/ProfileRepository.go:122.2,123.60 2 0
github.com/jariwat/p_project/profile-service/service/profile/mocks/ProfileRepository.go:123.60,125.3 1 0
github.com/jariwat/p_project/profile-service/service/profile/mocks/ProfileRepository.go:125.8,127.3 1 0
github.com/jariwat/p_project/profile-service/service/profile/mocks/ProfileRepository.go:129.2,129.11 1 0
github.com/jariwat/p_project/profile-service/service/profile/mocks/ProfileRepository.go:137.23,141.19 3 0
github.com/jariwat/p_project/profile-service/service/profile/mocks/ProfileRepository.go:141.19,141.49 1 0
github.com/jariwat/p_project/profile-service/service/profile/mocks/ProfileRepository.go:143.2,143.13 1 0
github.com/jariwat/p_project/profile-service/service/profile/mocks/ProfileUsecase.go:19.102,22.19 2 0
github.com/jariwat/p_project/profile-service/service/profile/mocks/ProfileUsecase.go:22.19,23.55 1 0
github.com/jariwat/p_project/profile-service/service/profile/mocks/ProfileUsecase.go:26.2,27.83 2 0
github.com/jariwat/p_project/profile-service/service/profile/mocks/ProfileUsecase.go:27.83,29.3 1 0
github.com/jariwat/p_project/profile-service/service/profile/mocks/ProfileUsecase.go:29.8,31.3 1 0
github.com/jariwat/p_project/profile-service/service/profile/mocks/ProfileUsecase.go:33.2,33.11 1 0
github.com/jariwat/p_project/profile-service/service/profile/mocks/ProfileUsecase.go:37.69,40.19 2 0
github.com/jariwat/p_project/profile-service/service/profile/mocks/ProfileUsecase.go:40.19,41.55 1 0
github.com/jariwat/p_project/profile-service/service/profile/mocks/ProfileUsecase.go:44.2,45.55 2 0
github.com/jariwat/p_project/profile-service/service/profile/mocks/ProfileUsecase.go:45.55,47.3 1 0
github.com/jariwat/p_project/profile-service/service/profile/mocks/ProfileUsecase.go:47.8,49.3 1 0
github.com/jariwat/p_project/profile-service/service/profile/mocks/ProfileUsecase.go:51.2,51.11 1 0
github.com/jariwat/p_project/profile-service/service/profile/mocks/ProfileUsecase.go:55.91,58.19 2 0
github.com/jariwat/p_project/profile-service/service/profile/mocks/ProfileUsecase.go:58.19,59.58 1 0
github.com/jariwat/p_project/profile-service/service/profile/mocks/ProfileUsecase.go:62.2,64.74 3 0
github.com/jariwat/p_project/profile-service/service/profile/mocks/ProfileUsecase.go:64.74,66.3 1 0
github.com/jariwat/p_project/profile-service/service/profile/mocks/ProfileUsecase.go:67.2,67.65 1 0
github.com/jariwat/p_project/profile-service/service/profile/mocks/ProfileUsecase.go:67.65,69.3 1 0
github.com/jariwat/p_project/profile-service/service/profile/mocks/ProfileUsecase.go:69.8,70.24 1 0
github.com/jariwat/p_project/profile-service/service/profile/mocks/ProfileUsecase.go:70.24,72.4 1 0
github.com/jariwat/p_project/profile-service/service/profile/mocks/ProfileUsecase.go:75.2,75.55 1 0
github.com/jariwat/p_project/profile-service/service/profile/mocks/ProfileUsecase.go:75.55,77.3 1 0
github.com/jariwat/p_project/profile-service/service/profile/mocks/ProfileUsecase.go:77.8,79.3 1 0
github.com/jariwat/p_project/profile-service/service/profile/mocks/ProfileUsecase.go:81.2,81.15 1 0
github.com/jariwat/p_project/profile-service/service/profile/mocks/ProfileUsecase.go:85.131,88.19 2 0
github.com/jariwat/p_project/profile-service/service/profile/mocks/ProfileUsecase.go:88.19,89.55 1 0
github.com/jariwat/p_project/profile-service/service/profile/mocks/ProfileUsecase.go:92.2,94.110 3 0
github.com/jariwat/p_project/profile-service/service/profile/mocks/ProfileUsecase.go:94.110,96.3 1 0
github.com/jariwat/p_project/profile-service/service/profile/mocks/ProfileUsecase.go:97.2,97.101 1 0
github.com/jariwat/p_project/profile-service/service/profile/mocks/ProfileUsecase.go:97.101,99.3 1 0
github.com/jariwat/p_project/profile-service/service/profile/mocks/ProfileUsecase.go:99.8,100.24 1 0
github.com/jariwat/p_project/profile-service/service/profile/mocks/ProfileUsecase.go:100.24,102.4 1 0
github.com/jariwat/p_project/profile-service/service/profile/mocks/ProfileUsecase.go:105.2,105.89 1 0
github.com/jariwat/p_project/profile-service/service/profile/mocks/ProfileUsecase.go:105.89,107.3 1 0
github.com/jariwat/p_project/profile-service/service/profile/mocks/ProfileUsecase.go:107.8,109.3 1 0
github.com/jariwat/p_project/profile-service/service/profile/mocks/ProfileUsecase.go:111.2,111.15 1 0
github.com/jariwat/p_project/profile-service/service/profile/mocks/ProfileUsecase.go:115.106,118.19 2 0
github.com/jariwat/p_project/profile-service/service/profile/mocks/ProfileUsecase.go:118.19,119.55 1 0
github.com/jariwat/p_project/profile-service/service/profile/mocks/ProfileUsecase.go:122.2,123.78 2 0
github.com/jariwat/p_project/profile-service/service/profile/mocks/ProfileUsecase.go:123.78,125.3 1 0
github.com/jariwat/p_project/profile-service/service/profile/mocks/ProfileUsecase.go:125.8,127.3 1 0
github.com/jariwat/p_project/profile-service/service/profile/mocks/ProfileUsecase.go:129.2,129.11 1 0
github.com/jariwat/p_project/profile-service/service/profile/mocks/ProfileUsecase.go:137.20,141.19 3 0
github.com/jariwat/p_project/profile-service/service/profile/mocks/ProfileUsecase.go:141.19,141.49 1 0
github.com/jariwat/p_project/profile-service/service/profile/mocks/ProfileUsecase.go:143.2,143.13 1 0
github.com/jariwat/p_project/profile-service/service/profile/mocks/ServerInterface.go:20.74,22.2 1 0
github.com/jariwat/p_project/profile-service/service/profile/mocks/ServerInterface.go:25.71,27.2 1 0
github.com/jariwat/p_project/profile-service/service/profile/mocks/ServerInterface.go:30.90,32.2 1 0
github.com/jariwat/p_project/profile-service/service/profile/mocks/ServerInterface.go:35.56,37.2 1 0
github.com/jariwat/p_project/profile-service/service/profile/mocks/ServerInterface.go:40.71,42.2 1 0
github.com/jariwat/p_project/profile-service/service/profile/mocks/ServerInterface.go:49.21,53.19 3 0
github.com/jariwat/p_project/profile-service/service/profile/mocks/ServerInterface.go:53.19,53.49 1 0
github.com/jariwat/p_project/profile-service/service/profile/mocks/ServerInterface.go:55.2,55.13 1 0
github.com/jariwat/p_project/profile-service/service/profile/handler/profile_handler.go:21.73,24.62 2 1
github.com/jariwat/p_project/profile-service/service/profile/handler/profile_handler.go:24.62,27.3 2 1
github.com/jariwat/p_project/profile-service/service/profile/handler/profile_handler.go:29.2,33.33 2 1
github.com/jariwat/p_project/profile-service/service/profile/handler/profile_handler.go:37.70,41.16 3 1
github.com/jariwat/p_project/profile-service/service/profile/handler/profile_handler.go:41.16,44.3 2 1
github.com/jariwat/p_project/profile-service/service/profile/handler/profile_handler.go:46.2,46.20 1 1
github.com/jariwat/p_project/profile-service/service/profile/handler/profile_handler.go:46.20,49.3 2 1
github.com/jariwat/p_project/profile-service/service/profile/handler/profile_handler.go:51.2,53.16 3 1
github.com/jariwat/p_project/profile-service/service/profile/handler/profile_handler.go:53.16,56.3 2 0
github.com/jariwat/p_project/profile-service/service/profile/handler/profile_handler.go:58.2,58.50 1 1
github.com/jariwat/p_project/profile-service/service/profile/handler/profile_handler.go:58.50,61.3 2 0
github.com/jariwat/p_project/profile-service/service/profile/handler/profile_handler.go:63.2,67.33 2 1
github.com/jariwat/p_project/profile-service/service/profile/handler/profile_handler.go:71.89,73.49 2 1
github.com/jariwat/p_project/profile-service/service/profile/handler/profile_handler.go:73.49,76.3 2 1
github.com/jariwat/p_project/profile-service/service/profile/handler/profile_handler.go:77.2,80.16 3 1
github.com/jariwat/p_project/profile-service/service/profile/handler/profile_handler.go:80.16,83.3 2 1
github.com/jariwat/p_project/profile-service/service/profile/handler/profile_handler.go:85.2,85.43 1 1
github.com/jariwat/p_project/profile-service/service/profile/handler/profile_handler.go:85.43,88.3 2 1
github.com/jariwat/p_project/profile-service/service/profile/handler/profile_handler.go:90.2,92.16 3 1
github.com/jariwat/p_project/profile-service/service/profile/handler/profile_handler.go:92.16,95.3 2 0
github.com/jariwat/p_project/profile-service/service/profile/handler/profile_handler.go:97.2,97.50 1 1
github.com/jariwat/p_project/profile-service/service/profile/handler/profile_handler.go:97.50,100.3 2 0
github.com/jariwat/p_project/profile-service/service/profile/handler/profile_handler.go:102.2,110.33 2 1
github.com/jariwat/p_project/profile-service/service/profile/handler/profile_handler.go:114.54,116.54 2 1
github.com/jariwat/p_project/profile-service/service/profile/handler/profile_handler.go:116.54,119.3 2 1
github.com/jariwat/p_project/profile-service/service/profile/handler/profile_handler.go:121.2,123.71 3 1
github.com/jariwat/p_project/profile-service/service/profile/handler/profile_handler.go:123.71,126.3 2 1
github.com/jariwat/p_project/profile-service/service/profile/handler/profile_handler.go:128.2,133.33 2 1
github.com/jariwat/p_project/profile-service/service/profile/handler/profile_handler.go:137.70,141.57 3 1
github.com/jariwat/p_project/profile-service/service/profile/handler/profile_handler.go:141.57,144.3 2 1
github.com/jariwat/p_project/profile-service/service/profile/handler/profile_handler.go:146.2,146.77 1 1
github.com/jariwat/p_project/profile-service/service/profile/handler/profile_handler.go:146.77,147.51 1 1
github.com/jariwat/p_project/profile-service/service/profile/handler/profile_handler.go:147.51,150.4 2 1
github.com/jariwat/p_project/profile-service/service/profile/handler/profile_handler.go:151.3,152.9 2 1
github.com/jariwat/p_project/profile-service/service/profile/handler/profile_handler.go:155.2,160.33 2 1
github.com/jariwat/p_project/profile-service/service/profile/handler/profile_handler.go:163.84,167.2 1 1
github.com/jariwat/p_project/profile-service/service/profile/usecase/profile_usecase.go:17.130,19.2 1 1
github.com/jariwat/p_project/profile-service/service/profile/usecase/profile_usecase.go:22.90,24.2 1 1
github.com/jariwat/p_project/profile-service/service/profile/usecase/profile_usecase.go:27.105,29.66 2 1
github.com/jariwat/p_project/profile-service/service/profile/usecase/profile_usecase.go:29.66,31.3 1 1
github.com/jariwat/p_project/profile-service/service/profile/usecase/profile_usecase.go:32.2,37.60 6 1
github.com/jariwat/p_project/profile-service/service/profile/usecase/profile_usecase.go:37.60,39.43 2 1
github.com/jariwat/p_project/profile-service/service/profile/usecase/profile_usecase.go:39.43,50.4 5 1
github.com/jariwat/p_project/profile-service/service/profile/usecase/profile_usecase.go:51.3,51.26 1 1
github.com/jariwat/p_project/profile-service/service/profile/usecase/profile_usecase.go:54.2,54.39 1 1
github.com/jariwat/p_project/profile-service/service/profile/usecase/profile_usecase.go:54.39,56.3 1 1
github.com/jariwat/p_project/profile-service/service/profile/usecase/profile_usecase.go:58.2,58.45 1 1
github.com/jariwat/p_project/profile-service/service/profile/usecase/profile_usecase.go:62.105,64.16 2 1
github.com/jariwat/p_project/profile-service/service/profile/usecase/profile_usecase.go:64.16,66.3 1 1
github.com/jariwat/p_project/profile-service/service/profile/usecase/profile_usecase.go:68.2,68.20 1 1
github.com/jariwat/p_project/profile-service/service/profile/usecase/profile_usecase.go:68.20,70.3 1 1
github.com/jariwat/p_project/profile-service/service/profile/usecase/profile_usecase.go:72.2,73.72 2 1
github.com/jariwat/p_project/profile-service/service/profile/usecase/profile_usecase.go:73.72,75.3 1 1
github.com/jariwat/p_project/profile-service/service/profile/usecase/profile_usecase.go:76.2,80.66 5 1
github.com/jariwat/p_project/profile-service/service/profile/usecase/profile_usecase.go:80.66,82.46 2 1
github.com/jariwat/p_project/profile-service/service/profile/usecase/profile_usecase.go:82.46,93.4 5 1
github.com/jariwat/p_project/profile-service/service/profile/usecase/profile_usecase.go:94.3,94.26 1 1
github.com/jariwat/p_project/profile-service/service/profile/usecase/profile_usecase.go:97.2,97.45 1 1
github.com/jariwat/p_project/profile-service/service/profile/usecase/profile_usecase.go:101.68,103.2 1 1
github.com/jariwat/p_project/profile-service/service/profile/usecase/profile_usecase.go:105.86,109.2 1 1
github.com/jariwat/p_project/profile-service/service/profile/repository/psql_profile_repository.go:17.133,25.58 6 1
github.com/jariwat/p_project/profile-service/service/profile/repository/psql_profile_repository.go:25.58,28.3 2 1
github.com/jariwat/p_project/profile-service/service/profile/repository/psql_profile_repository.go:30.2,30.54 1 1
github.com/jariwat/p_project/profile-service/service/profile/repository/psql_profile_repository.go:30.54,32.3 1 0
github.com/jariwat/p_project/profile-service/service/profile/repository/psql_profile_repository.go:34.2,37.37 1 1
github.com/jariwat/p_project/profile-service/service/profile/repository/psql_profile_repository.go:37.37,39.3 1 0
github.com/jariwat/p_project/profile-service/service/profile/repository/psql_profile_repository.go:41.2,43.22 2 1
github.com/jariwat/p_project/profile-service/service/profile/repository/psql_profile_repository.go:47.93,49.94 2 1
github.com/jariwat/p_project/profile-service/service/profile/repository/psql_profile_repository.go:49.94,51.3 1 0
github.com/jariwat/p_project/profile-service/service/profile/repository/psql_profile_repository.go:53.2,53.22 1 1
github.com/jariwat/p_project/profile-service/service/profile/repository/psql_profile_repository.go:57.74,58.54 1 1
github.com/jariwat/p_project/profile-service/service/profile/repository/psql_profile_repository.go:58.54,59.50 1 1
github.com/jariwat/p_project/profile-service/service/profile/repository/psql_profile_repository.go:59.50,61.4 1 0
github.com/jariwat/p_project/profile-service/service/profile/repository/psql_profile_repository.go:63.3,63.13 1 1
github.com/jariwat/p_project/profile-service/service/profile/repository/psql_profile_repository.go:68.74,69.54 1 1
github.com/jariwat/p_project/profile-service/service/profile/repository/psql_profile_repository.go:69.54,77.24 1 1
github.com/jariwat/p_project/profile-service/service/profile/repository/psql_profile_repository.go:77.24,79.4 1 0
github.com/jariwat/p_project/profile-service/service/profile/repository/psql_profile_repository.go:81.3,81.94 1 1
github.com/jariwat/p_project/profile-service/service/profile/repository/psql_profile_repository.go:81.94,83.4 1 0
github.com/jariwat/p_project/profile-service/service/profile/repository/psql_profile_repository.go:85.3,85.40 1 1
github.com/jariwat/p_project/profile-service/service/profile/repository/psql_profile_repository.go:85.40,86.49 1 1
github.com/jariwat/p_project/profile-service/service/profile/repository/psql_profile_repository.go:86.49,88.5 1 0
github.com/jariwat/p_project/profile-service/service/profile/repository/psql_profile_repository.go:91.3,91.13 1 1
github.com/jariwat/p_project/profile-service/service/profile/repository/psql_profile_repository.go:96.71,98.2 1 1
github.com/jariwat/p_project/profile-service/service/profile/repository/psql_profile_repository.go:100.74,104.2 1 1
